Vivado Simulator v2022.2
Copyright 1986-1999, 2001-2022 Xilinx, Inc. All Rights Reserved.
Running: D:/Vivado/Xilinx/Vivado/2022.2/bin/unwrapped/win64.o/xelab.exe --incr --debug typical --relax --mt 2 -L xil_defaultlib -L unisims_ver -L unimacro_ver -L secureip --snapshot tb_cpu_behav xil_defaultlib.tb_cpu xil_defaultlib.glbl -log elaborate.log 
Using 2 slave threads.
Starting static elaboration
Pass Through NonSizing Optimizer
WARNING: [VRFC 10-3091] actual bit length 1 differs from formal bit length 16 for port 'ret_addr' [D:/DATKLL/DATKLL_RISC_CPU_16bits/CPU_RISC_16Bits/DATKLL.srcs/sources_1/imports/new/TOP.v:120]
WARNING: [VRFC 10-3091] actual bit length 3 differs from formal bit length 16 for port 'A' [D:/DATKLL/DATKLL_RISC_CPU_16bits/CPU_RISC_16Bits/DATKLL.srcs/sources_1/imports/new/TOP.v:130]
WARNING: [VRFC 10-3091] actual bit length 3 differs from formal bit length 16 for port 'B' [D:/DATKLL/DATKLL_RISC_CPU_16bits/CPU_RISC_16Bits/DATKLL.srcs/sources_1/imports/new/TOP.v:131]
WARNING: [VRFC 10-3091] actual bit length 3 differs from formal bit length 16 for port 'outmux' [D:/DATKLL/DATKLL_RISC_CPU_16bits/CPU_RISC_16Bits/DATKLL.srcs/sources_1/imports/new/TOP.v:133]
WARNING: [VRFC 10-3091] actual bit length 16 differs from formal bit length 12 for port 'instruction' [D:/DATKLL/DATKLL_RISC_CPU_16bits/CPU_RISC_16Bits/DATKLL.srcs/sources_1/imports/new/TOP.v:159]
WARNING: [VRFC 10-3091] actual bit length 32 differs from formal bit length 2 for port 'imm' [D:/DATKLL/DATKLL_RISC_CPU_16bits/CPU_RISC_16Bits/DATKLL.srcs/sources_1/imports/new/TOP.v:187]
Completed static elaboration
Starting simulation data flow analysis
Completed simulation data flow analysis
Time Resolution for simulation is 1ps
Compiling module xil_defaultlib.program_counter
Compiling module xil_defaultlib.Ins_Mem
Compiling module xil_defaultlib.reg_file
Compiling module xil_defaultlib.MUX_alu_2_1
Compiling module xil_defaultlib.ALU
Compiling module xil_defaultlib.branch
Compiling module xil_defaultlib.ALU_control
Compiling module xil_defaultlib.Imm_gen
Compiling module xil_defaultlib.data_mem
Compiling module xil_defaultlib.MUX_2_1
Compiling module xil_defaultlib.MUX_2_1_PC
Compiling module xil_defaultlib.mux_mtsr_wb
Compiling module xil_defaultlib.Jump
Compiling module xil_defaultlib.MUX_jump
Compiling module xil_defaultlib.add_pc
Compiling module xil_defaultlib.pc_add_2
Compiling module xil_defaultlib.C_U
Compiling module xil_defaultlib.special_register
Compiling module xil_defaultlib.Clock_div
Compiling module xil_defaultlib.MUX_clk
Compiling module xil_defaultlib.TOP
Compiling module xil_defaultlib.tb_cpu
Compiling module xil_defaultlib.glbl
Built simulation snapshot tb_cpu_behav
