INFO: [VRFC 10-2263] Analyzing Verilog file "D:/DATKLL/DATKLL_RISC_CPU_16bits/CPU_RISC_16Bits/DATKLL.srcs/sources_1/imports/new/ALU.v" into library xil_defaultlib
INFO: [VRFC 10-311] analyzing module ALU
INFO: [VRFC 10-2263] Analyzing Verilog file "D:/DATKLL/DATKLL_RISC_CPU_16bits/CPU_RISC_16Bits/DATKLL.srcs/sources_1/imports/new/ALU_control.v" into library xil_defaultlib
INFO: [VRFC 10-311] analyzing module ALU_control
INFO: [VRFC 10-2263] Analyzing Verilog file "D:/DATKLL/DATKLL_RISC_CPU_16bits/CPU_RISC_16Bits/DATKLL.srcs/sources_1/imports/new/C_U.v" into library xil_defaultlib
INFO: [VRFC 10-311] analyzing module C_U
INFO: [VRFC 10-2263] Analyzing Verilog file "D:/DATKLL/DATKLL_RISC_CPU_16bits/CPU_RISC_16Bits/DATKLL.srcs/sources_1/imports/new/Clock_div.v" into library xil_defaultlib
INFO: [VRFC 10-311] analyzing module Clock_div
INFO: [VRFC 10-2263] Analyzing Verilog file "D:/DATKLL/DATKLL_RISC_CPU_16bits/CPU_RISC_16Bits/DATKLL.srcs/sources_1/imports/new/Imm_gen.v" into library xil_defaultlib
INFO: [VRFC 10-311] analyzing module Imm_gen
INFO: [VRFC 10-2263] Analyzing Verilog file "D:/DATKLL/DATKLL_RISC_CPU_16bits/CPU_RISC_16Bits/DATKLL.srcs/sources_1/imports/new/Ins_Mem.v" into library xil_defaultlib
INFO: [VRFC 10-311] analyzing module Ins_Mem
INFO: [VRFC 10-2263] Analyzing Verilog file "D:/DATKLL/DATKLL_RISC_CPU_16bits/CPU_RISC_16Bits/DATKLL.srcs/sources_1/new/Jump.v" into library xil_defaultlib
INFO: [VRFC 10-311] analyzing module Jump
INFO: [VRFC 10-2263] Analyzing Verilog file "D:/DATKLL/DATKLL_RISC_CPU_16bits/CPU_RISC_16Bits/DATKLL.srcs/sources_1/imports/new/MUX_2_1.v" into library xil_defaultlib
INFO: [VRFC 10-311] analyzing module MUX_2_1
INFO: [VRFC 10-2263] Analyzing Verilog file "D:/DATKLL/DATKLL_RISC_CPU_16bits/CPU_RISC_16Bits/DATKLL.srcs/sources_1/imports/new/MUX_2_1_PC.v" into library xil_defaultlib
INFO: [VRFC 10-311] analyzing module MUX_2_1_PC
INFO: [VRFC 10-2263] Analyzing Verilog file "D:/DATKLL/DATKLL_RISC_CPU_16bits/CPU_RISC_16Bits/DATKLL.srcs/sources_1/imports/new/MUX_alu_2_1.v" into library xil_defaultlib
INFO: [VRFC 10-311] analyzing module MUX_alu_2_1
INFO: [VRFC 10-2263] Analyzing Verilog file "D:/DATKLL/DATKLL_RISC_CPU_16bits/CPU_RISC_16Bits/DATKLL.srcs/sources_1/imports/new/MUX_clk.v" into library xil_defaultlib
INFO: [VRFC 10-311] analyzing module MUX_clk
INFO: [VRFC 10-2263] Analyzing Verilog file "D:/DATKLL/DATKLL_RISC_CPU_16bits/CPU_RISC_16Bits/DATKLL.srcs/sources_1/new/MUX_jump.v" into library xil_defaultlib
INFO: [VRFC 10-311] analyzing module MUX_jump
INFO: [VRFC 10-2263] Analyzing Verilog file "D:/DATKLL/DATKLL_RISC_CPU_16bits/CPU_RISC_16Bits/DATKLL.srcs/sources_1/imports/new/TOP.v" into library xil_defaultlib
INFO: [VRFC 10-311] analyzing module TOP
INFO: [VRFC 10-2263] Analyzing Verilog file "D:/DATKLL/DATKLL_RISC_CPU_16bits/CPU_RISC_16Bits/DATKLL.srcs/sources_1/imports/new/add_pc.v" into library xil_defaultlib
INFO: [VRFC 10-311] analyzing module add_pc
INFO: [VRFC 10-2263] Analyzing Verilog file "D:/DATKLL/DATKLL_RISC_CPU_16bits/CPU_RISC_16Bits/DATKLL.srcs/sources_1/imports/new/branch.v" into library xil_defaultlib
INFO: [VRFC 10-311] analyzing module branch
INFO: [VRFC 10-2263] Analyzing Verilog file "D:/DATKLL/DATKLL_RISC_CPU_16bits/CPU_RISC_16Bits/DATKLL.srcs/sources_1/imports/new/data_mem.v" into library xil_defaultlib
INFO: [VRFC 10-311] analyzing module data_mem
INFO: [VRFC 10-2263] Analyzing Verilog file "D:/DATKLL/DATKLL_RISC_CPU_16bits/CPU_RISC_16Bits/DATKLL.srcs/sources_1/new/mux_mtsr_wb.v" into library xil_defaultlib
INFO: [VRFC 10-311] analyzing module mux_mtsr_wb
INFO: [VRFC 10-2263] Analyzing Verilog file "D:/DATKLL/DATKLL_RISC_CPU_16bits/CPU_RISC_16Bits/DATKLL.srcs/sources_1/imports/new/pc_add_2.v" into library xil_defaultlib
INFO: [VRFC 10-311] analyzing module pc_add_2
INFO: [VRFC 10-2263] Analyzing Verilog file "D:/DATKLL/DATKLL_RISC_CPU_16bits/CPU_RISC_16Bits/DATKLL.srcs/sources_1/imports/new/program_counter.v" into library xil_defaultlib
INFO: [VRFC 10-311] analyzing module program_counter
INFO: [VRFC 10-2263] Analyzing Verilog file "D:/DATKLL/DATKLL_RISC_CPU_16bits/CPU_RISC_16Bits/DATKLL.srcs/sources_1/imports/new/reg_file.v" into library xil_defaultlib
INFO: [VRFC 10-311] analyzing module reg_file
INFO: [VRFC 10-2263] Analyzing Verilog file "D:/DATKLL/DATKLL_RISC_CPU_16bits/CPU_RISC_16Bits/DATKLL.srcs/sources_1/new/special_register.v" into library xil_defaultlib
INFO: [VRFC 10-311] analyzing module special_register
INFO: [VRFC 10-2263] Analyzing Verilog file "D:/DATKLL/DATKLL_RISC_CPU_16bits/CPU_RISC_16Bits/DATKLL.srcs/sim_1/new/tb_cpu.v" into library xil_defaultlib
INFO: [VRFC 10-311] analyzing module tb_cpu
